{ error: Error: Tesing
    at Object.<anonymous> (/Users/FullName/Documents/Work/Apps/Vidly/index.js:12:7)
    at Module._compile (module.js:653:30)
    at Object.Module._extensions..js (module.js:664:10)
    at Module.load (module.js:566:32)
    at tryModuleLoad (module.js:506:12)
    at Function.Module._load (module.js:498:3)
    at Function.Module.runMain (module.js:694:10)
    at startup (bootstrap_node.js:204:16)
    at bootstrap_node.js:625:3,
  level: 'error',
  message: 'uncaughtException: Tesing\nError: Tesing\n    at Object.<anonymous> (/Users/FullName/Documents/Work/Apps/Vidly/index.js:12:7)\n    at Module._compile (module.js:653:30)\n    at Object.Module._extensions..js (module.js:664:10)\n    at Module.load (module.js:566:32)\n    at tryModuleLoad (module.js:506:12)\n    at Function.Module._load (module.js:498:3)\n    at Function.Module.runMain (module.js:694:10)\n    at startup (bootstrap_node.js:204:16)\n    at bootstrap_node.js:625:3',
  stack: 'Error: Tesing\n    at Object.<anonymous> (/Users/FullName/Documents/Work/Apps/Vidly/index.js:12:7)\n    at Module._compile (module.js:653:30)\n    at Object.Module._extensions..js (module.js:664:10)\n    at Module.load (module.js:566:32)\n    at tryModuleLoad (module.js:506:12)\n    at Function.Module._load (module.js:498:3)\n    at Function.Module.runMain (module.js:694:10)\n    at startup (bootstrap_node.js:204:16)\n    at bootstrap_node.js:625:3',
  exception: true,
  date: 'Fri Nov 16 2018 22:47:07 GMT-0500 (EST)',
  process: 
   { pid: 12732,
     uid: 501,
     gid: 20,
     cwd: '/Users/FullName/Documents/Work/Apps/Vidly',
     execPath: '/usr/local/bin/node',
     version: 'v8.12.0',
     argv: 
      [ '/usr/local/bin/node',
        '/Users/FullName/Documents/Work/Apps/Vidly/index.js' ],
     memoryUsage: 
      { rss: 62377984,
        heapTotal: 56483840,
        heapUsed: 30739152,
        external: 37206372 } },
  os: 
   { loadavg: [ 1.666015625, 1.71435546875, 1.8896484375 ],
     uptime: 704403 },
  trace: 
   [ { column: 7,
       file: '/Users/FullName/Documents/Work/Apps/Vidly/index.js',
       function: null,
       line: 12,
       method: null,
       native: false },
     { column: 30,
       file: 'module.js',
       function: 'Module._compile',
       line: 653,
       method: '_compile',
       native: false },
     { column: 10,
       file: 'module.js',
       function: 'Module._extensions..js',
       line: 664,
       method: '.js',
       native: false },
     { column: 32,
       file: 'module.js',
       function: 'Module.load',
       line: 566,
       method: 'load',
       native: false },
     { column: 12,
       file: 'module.js',
       function: 'tryModuleLoad',
       line: 506,
       method: null,
       native: false },
     { column: 3,
       file: 'module.js',
       function: 'Module._load',
       line: 498,
       method: '_load',
       native: false },
     { column: 10,
       file: 'module.js',
       function: 'Module.runMain',
       line: 694,
       method: 'runMain',
       native: false },
     { column: 16,
       file: 'bootstrap_node.js',
       function: 'startup',
       line: 204,
       method: null,
       native: false },
     { column: 3,
       file: 'bootstrap_node.js',
       function: null,
       line: 625,
       method: null,
       native: false } ],
  label: 'App logging',
  timestamp: '2018-11-16 22:47:07',
  [Symbol(level)]: 'error' }
{ error: Error: FATAL error: jwtPrivateKey is not defined.
    at module.exports (/Users/FullName/Documents/Work/Apps/Vidly/startup/config.js:5:15)
    at Object.<anonymous> (/Users/FullName/Documents/Work/Apps/Vidly/index.js:8:28)
    at Module._compile (module.js:653:30)
    at Object.Module._extensions..js (module.js:664:10)
    at Module.load (module.js:566:32)
    at tryModuleLoad (module.js:506:12)
    at Function.Module._load (module.js:498:3)
    at Function.Module.runMain (module.js:694:10)
    at startup (bootstrap_node.js:204:16)
    at bootstrap_node.js:625:3,
  level: 'error',
  message: 'uncaughtException: FATAL error: jwtPrivateKey is not defined.\nError: FATAL error: jwtPrivateKey is not defined.\n    at module.exports (/Users/FullName/Documents/Work/Apps/Vidly/startup/config.js:5:15)\n    at Object.<anonymous> (/Users/FullName/Documents/Work/Apps/Vidly/index.js:8:28)\n    at Module._compile (module.js:653:30)\n    at Object.Module._extensions..js (module.js:664:10)\n    at Module.load (module.js:566:32)\n    at tryModuleLoad (module.js:506:12)\n    at Function.Module._load (module.js:498:3)\n    at Function.Module.runMain (module.js:694:10)\n    at startup (bootstrap_node.js:204:16)\n    at bootstrap_node.js:625:3',
  stack: 'Error: FATAL error: jwtPrivateKey is not defined.\n    at module.exports (/Users/FullName/Documents/Work/Apps/Vidly/startup/config.js:5:15)\n    at Object.<anonymous> (/Users/FullName/Documents/Work/Apps/Vidly/index.js:8:28)\n    at Module._compile (module.js:653:30)\n    at Object.Module._extensions..js (module.js:664:10)\n    at Module.load (module.js:566:32)\n    at tryModuleLoad (module.js:506:12)\n    at Function.Module._load (module.js:498:3)\n    at Function.Module.runMain (module.js:694:10)\n    at startup (bootstrap_node.js:204:16)\n    at bootstrap_node.js:625:3',
  exception: true,
  date: 'Mon Nov 19 2018 20:12:37 GMT-0500 (EST)',
  process: 
   { pid: 705,
     uid: 501,
     gid: 20,
     cwd: '/Users/FullName/Documents/Work/Apps/Vidly',
     execPath: '/usr/local/bin/node',
     version: 'v8.12.0',
     argv: 
      [ '/usr/local/bin/node',
        '/Users/FullName/Documents/Work/Apps/Vidly/index.js' ],
     memoryUsage: 
      { rss: 62033920,
        heapTotal: 58056704,
        heapUsed: 26655144,
        external: 36250675 } },
  os: 
   { loadavg: [ 2.53125, 8.77490234375, 11.79931640625 ],
     uptime: 886 },
  trace: 
   [ { column: 15,
       file: '/Users/FullName/Documents/Work/Apps/Vidly/startup/config.js',
       function: 'module.exports',
       line: 5,
       method: 'exports',
       native: false },
     { column: 28,
       file: '/Users/FullName/Documents/Work/Apps/Vidly/index.js',
       function: null,
       line: 8,
       method: null,
       native: false },
     { column: 30,
       file: 'module.js',
       function: 'Module._compile',
       line: 653,
       method: '_compile',
       native: false },
     { column: 10,
       file: 'module.js',
       function: 'Module._extensions..js',
       line: 664,
       method: '.js',
       native: false },
     { column: 32,
       file: 'module.js',
       function: 'Module.load',
       line: 566,
       method: 'load',
       native: false },
     { column: 12,
       file: 'module.js',
       function: 'tryModuleLoad',
       line: 506,
       method: null,
       native: false },
     { column: 3,
       file: 'module.js',
       function: 'Module._load',
       line: 498,
       method: '_load',
       native: false },
     { column: 10,
       file: 'module.js',
       function: 'Module.runMain',
       line: 694,
       method: 'runMain',
       native: false },
     { column: 16,
       file: 'bootstrap_node.js',
       function: 'startup',
       line: 204,
       method: null,
       native: false },
     { column: 3,
       file: 'bootstrap_node.js',
       function: null,
       line: 625,
       method: null,
       native: false } ],
  label: 'App logging',
  timestamp: '2018-11-19 20:12:37',
  [Symbol(level)]: 'error' }
{ error: Error: FATAL error: jwtPrivateKey is not defined.
    at module.exports (/Users/FullName/Documents/Work/Apps/Vidly/startup/config.js:5:15)
    at Object.<anonymous> (/Users/FullName/Documents/Work/Apps/Vidly/index.js:8:28)
    at Module._compile (module.js:653:30)
    at Object.Module._extensions..js (module.js:664:10)
    at Module.load (module.js:566:32)
    at tryModuleLoad (module.js:506:12)
    at Function.Module._load (module.js:498:3)
    at Function.Module.runMain (module.js:694:10)
    at startup (bootstrap_node.js:204:16)
    at bootstrap_node.js:625:3,
  level: 'error',
  message: 'uncaughtException: FATAL error: jwtPrivateKey is not defined.\nError: FATAL error: jwtPrivateKey is not defined.\n    at module.exports (/Users/FullName/Documents/Work/Apps/Vidly/startup/config.js:5:15)\n    at Object.<anonymous> (/Users/FullName/Documents/Work/Apps/Vidly/index.js:8:28)\n    at Module._compile (module.js:653:30)\n    at Object.Module._extensions..js (module.js:664:10)\n    at Module.load (module.js:566:32)\n    at tryModuleLoad (module.js:506:12)\n    at Function.Module._load (module.js:498:3)\n    at Function.Module.runMain (module.js:694:10)\n    at startup (bootstrap_node.js:204:16)\n    at bootstrap_node.js:625:3',
  stack: 'Error: FATAL error: jwtPrivateKey is not defined.\n    at module.exports (/Users/FullName/Documents/Work/Apps/Vidly/startup/config.js:5:15)\n    at Object.<anonymous> (/Users/FullName/Documents/Work/Apps/Vidly/index.js:8:28)\n    at Module._compile (module.js:653:30)\n    at Object.Module._extensions..js (module.js:664:10)\n    at Module.load (module.js:566:32)\n    at tryModuleLoad (module.js:506:12)\n    at Function.Module._load (module.js:498:3)\n    at Function.Module.runMain (module.js:694:10)\n    at startup (bootstrap_node.js:204:16)\n    at bootstrap_node.js:625:3',
  exception: true,
  date: 'Mon Nov 19 2018 20:13:17 GMT-0500 (EST)',
  process: 
   { pid: 714,
     uid: 501,
     gid: 20,
     cwd: '/Users/FullName/Documents/Work/Apps/Vidly',
     execPath: '/usr/local/bin/node',
     version: 'v8.12.0',
     argv: 
      [ '/usr/local/bin/node',
        '/Users/FullName/Documents/Work/Apps/Vidly/index.js' ],
     memoryUsage: 
      { rss: 62386176,
        heapTotal: 56483840,
        heapUsed: 30378520,
        external: 37042692 } },
  os: 
   { loadavg: [ 2.04833984375, 7.96142578125, 11.3798828125 ],
     uptime: 926 },
  trace: 
   [ { column: 15,
       file: '/Users/FullName/Documents/Work/Apps/Vidly/startup/config.js',
       function: 'module.exports',
       line: 5,
       method: 'exports',
       native: false },
     { column: 28,
       file: '/Users/FullName/Documents/Work/Apps/Vidly/index.js',
       function: null,
       line: 8,
       method: null,
       native: false },
     { column: 30,
       file: 'module.js',
       function: 'Module._compile',
       line: 653,
       method: '_compile',
       native: false },
     { column: 10,
       file: 'module.js',
       function: 'Module._extensions..js',
       line: 664,
       method: '.js',
       native: false },
     { column: 32,
       file: 'module.js',
       function: 'Module.load',
       line: 566,
       method: 'load',
       native: false },
     { column: 12,
       file: 'module.js',
       function: 'tryModuleLoad',
       line: 506,
       method: null,
       native: false },
     { column: 3,
       file: 'module.js',
       function: 'Module._load',
       line: 498,
       method: '_load',
       native: false },
     { column: 10,
       file: 'module.js',
       function: 'Module.runMain',
       line: 694,
       method: 'runMain',
       native: false },
     { column: 16,
       file: 'bootstrap_node.js',
       function: 'startup',
       line: 204,
       method: null,
       native: false },
     { column: 3,
       file: 'bootstrap_node.js',
       function: null,
       line: 625,
       method: null,
       native: false } ],
  label: 'App logging',
  timestamp: '2018-11-19 20:13:17',
  [Symbol(level)]: 'error' }
